[debug] [2021-04-16T14:06:44.145Z] ----------------------------------------------------------------------
[debug] [2021-04-16T14:06:44.148Z] Command:       C:\Program Files\nodejs\node.exe C:\Users\aayus\AppData\Roaming\npm\node_modules\firebase-tools\lib\bin\firebase.js init
[debug] [2021-04-16T14:06:44.149Z] CLI Version:   9.10.0
[debug] [2021-04-16T14:06:44.149Z] Platform:      win32
[debug] [2021-04-16T14:06:44.149Z] Node Version:  v14.16.0
[debug] [2021-04-16T14:06:44.150Z] Time:          Fri Apr 16 2021 19:36:44 GMT+0530 (India Standard Time)
[debug] [2021-04-16T14:06:44.151Z] ----------------------------------------------------------------------
[debug] 
[debug] [2021-04-16T14:06:44.156Z] >>> [apiv2][query] GET https://firebase-public.firebaseio.com/cli.json [none]
[debug] [2021-04-16T14:06:44.192Z] > command requires scopes: ["email","openid","https://www.googleapis.com/auth/cloudplatformprojects.readonly","https://www.googleapis.com/auth/firebase","https://www.googleapis.com/auth/cloud-platform"]
[debug] [2021-04-16T14:06:44.192Z] > authorizing via signed-in user (aayushsanj@gmail.com)
[info] 
     ######## #### ########  ######## ########     ###     ######  ########
     ##        ##  ##     ## ##       ##     ##  ##   ##  ##       ##
     ######    ##  ########  ######   ########  #########  ######  ######
     ##        ##  ##    ##  ##       ##     ## ##     ##       ## ##
     ##       #### ##     ## ######## ########  ##     ##  ######  ########

You're about to initialize a Firebase project in this directory:

  C:\Users\aayus\OneDrive\Desktop\Work-Space\Target NeoG Camp\To-do app with firebase\Todo-app-with-firebase

[debug] [2021-04-16T14:06:45.933Z] <<< [apiv2][status] GET https://firebase-public.firebaseio.com/cli.json 200
[debug] [2021-04-16T14:06:45.933Z] <<< [apiv2][body] GET https://firebase-public.firebaseio.com/cli.json {"cloudBuildErrorAfter":1594252800000,"cloudBuildWarnAfter":1590019200000,"defaultNode10After":1594252800000,"minVersion":"3.0.5","node8DeploysDisabledAfter":1613390400000,"node8RuntimeDisabledAfter":1615809600000,"node8WarnAfter":1600128000000}
